<?xml version="1.0" encoding="UTF-8"?>
<testng-results skipped="0" failed="0" ignored="0" total="1" passed="1">
  <reporter-output>
  </reporter-output>
  <suite name="Default suite" duration-ms="26370" started-at="2019-11-12T02:03:08Z" finished-at="2019-11-12T02:03:34Z">
    <groups>
    </groups>
    <test name="Default test" duration-ms="26370" started-at="2019-11-12T02:03:08Z" finished-at="2019-11-12T02:03:34Z">
      <class name="org.apache.maven.rest.RestTest">
        <test-method status="PASS" signature="restGenSrvTest()[pri:0, instance:org.apache.maven.rest.RestTest@2a2d45ba]" name="restGenSrvTest" duration-ms="26335" started-at="2019-11-12T02:03:08Z" finished-at="2019-11-12T02:03:34Z">
          <reporter-output>
          </reporter-output>
        </test-method> <!-- restGenSrvTest -->
      </class> <!-- org.apache.maven.rest.RestTest -->
    </test> <!-- Default test -->
  </suite> <!-- Default suite -->
</testng-results>
